2024-02-19 23:38:17.968  INFO 31052 --- [background-preinit] o.h.validator.internal.util.Version      : HV000001: Hibernate Validator 6.2.0.Final
2024-02-19 23:38:17.972  INFO 31052 --- [restartedMain] top.vikingar.VikingarExamApplication     : Starting VikingarExamApplication using Java 17.0.9 on Niemandea with PID 31052 (E:\Dev\Java\Project\Practice\vikingar-exam\target\classes started by vikingar in E:\Dev\Java\Project\Practice\vikingar-exam)
2024-02-19 23:38:17.972  INFO 31052 --- [restartedMain] top.vikingar.VikingarExamApplication     : The following profiles are active: dev
2024-02-19 23:38:18.007  INFO 31052 --- [restartedMain] .e.DevToolsPropertyDefaultsPostProcessor : Devtools property defaults active! Set 'spring.devtools.add-properties' to 'false' to disable
2024-02-19 23:38:18.007  INFO 31052 --- [restartedMain] .e.DevToolsPropertyDefaultsPostProcessor : For additional web related logging consider setting the 'logging.level.web' property to 'DEBUG'
2024-02-19 23:38:18.204  WARN 31052 --- [background-preinit] o.s.h.c.j.Jackson2ObjectMapperBuilder    : For Jackson Kotlin classes support please add "com.fasterxml.jackson.module:jackson-module-kotlin" to the classpath
2024-02-19 23:38:18.748  INFO 31052 --- [restartedMain] o.s.b.w.embedded.tomcat.TomcatWebServer  : Tomcat initialized with port(s): 8888 (http)
2024-02-19 23:38:18.754  INFO 31052 --- [restartedMain] o.a.coyote.http11.Http11NioProtocol      : Initializing ProtocolHandler ["http-nio-8888"]
2024-02-19 23:38:18.754  INFO 31052 --- [restartedMain] o.apache.catalina.core.StandardService   : Starting service [Tomcat]
2024-02-19 23:38:18.754  INFO 31052 --- [restartedMain] org.apache.catalina.core.StandardEngine  : Starting Servlet engine: [Apache Tomcat/9.0.46]
2024-02-19 23:38:18.756  INFO 31052 --- [restartedMain] o.a.catalina.core.AprLifecycleListener   : Loaded Apache Tomcat Native library [1.2.39] using APR version [1.7.4].
2024-02-19 23:38:18.756  INFO 31052 --- [restartedMain] o.a.catalina.core.AprLifecycleListener   : APR capabilities: IPv6 [true], sendfile [true], accept filters [false], random [true].
2024-02-19 23:38:18.756  INFO 31052 --- [restartedMain] o.a.catalina.core.AprLifecycleListener   : APR/OpenSSL configuration: useAprConnector [false], useOpenSSL [true]
2024-02-19 23:38:18.759  INFO 31052 --- [restartedMain] o.a.catalina.core.AprLifecycleListener   : OpenSSL successfully initialized [OpenSSL 3.0.11 19 Sep 2023]
2024-02-19 23:38:18.803  INFO 31052 --- [restartedMain] o.a.c.c.C.[Tomcat].[localhost].[/]       : Initializing Spring embedded WebApplicationContext
2024-02-19 23:38:18.803  INFO 31052 --- [restartedMain] w.s.c.ServletWebServerApplicationContext : Root WebApplicationContext: initialization completed in 795 ms
2024-02-19 23:38:19.247  INFO 31052 --- [restartedMain] o.s.s.web.DefaultSecurityFilterChain     : Will secure any request with [org.springframework.security.web.context.request.async.WebAsyncManagerIntegrationFilter@263d3f08, org.springframework.security.web.context.SecurityContextPersistenceFilter@7df9ede6, org.springframework.security.web.header.HeaderWriterFilter@7f2bfd28, org.springframework.web.filter.CorsFilter@56a87b38, org.springframework.security.web.authentication.logout.LogoutFilter@178de421, top.vikingar.config.spring.RestLoginAuthenticationFilter@639e8453, org.springframework.security.web.authentication.UsernamePasswordAuthenticationFilter@5e515389, org.springframework.security.web.savedrequest.RequestCacheAwareFilter@ef4efb3, org.springframework.security.web.servletapi.SecurityContextHolderAwareRequestFilter@6abe4ec7, org.springframework.security.web.authentication.rememberme.RememberMeAuthenticationFilter@2b71e41a, org.springframework.security.web.authentication.AnonymousAuthenticationFilter@12769165, org.springframework.security.web.session.SessionManagementFilter@52f98d3d, org.springframework.security.web.access.ExceptionTranslationFilter@5f734815, org.springframework.security.web.access.intercept.FilterSecurityInterceptor@371ca2ec]
2024-02-19 23:38:19.508  WARN 31052 --- [restartedMain] o.s.b.d.a.OptionalLiveReloadServer       : Unable to start LiveReload server
2024-02-19 23:38:19.522  INFO 31052 --- [restartedMain] o.a.coyote.http11.Http11NioProtocol      : Starting ProtocolHandler ["http-nio-8888"]
2024-02-19 23:38:19.548  INFO 31052 --- [restartedMain] o.s.b.w.embedded.tomcat.TomcatWebServer  : Tomcat started on port(s): 8888 (http) with context path ''
2024-02-19 23:38:19.556  INFO 31052 --- [restartedMain] top.vikingar.VikingarExamApplication     : Started VikingarExamApplication in 1.906 seconds (JVM running for 2.329)
2024-02-19 23:38:19.557  INFO 31052 --- [restartedMain] o.s.b.a.ApplicationAvailabilityBean      : Application availability state LivenessState changed to CORRECT
2024-02-19 23:38:19.559  INFO 31052 --- [restartedMain] o.s.b.a.ApplicationAvailabilityBean      : Application availability state ReadinessState changed to ACCEPTING_TRAFFIC
2024-02-19 23:38:39.985  INFO 31052 --- [http-nio-8888-exec-1] o.a.c.c.C.[Tomcat].[localhost].[/]       : Initializing Spring DispatcherServlet 'dispatcherServlet'
2024-02-19 23:38:39.985  INFO 31052 --- [http-nio-8888-exec-1] o.s.web.servlet.DispatcherServlet        : Initializing Servlet 'dispatcherServlet'
2024-02-19 23:38:39.986  INFO 31052 --- [http-nio-8888-exec-1] o.s.web.servlet.DispatcherServlet        : Completed initialization in 1 ms
2024-02-19 23:38:42.408  WARN 31052 --- [http-nio-8888-exec-5] c.b.m.c.t.support.ReflectLambdaMeta      : Unable to make field private final java.lang.Class java.lang.invoke.SerializedLambda.capturingClass accessible: module java.base does not "opens java.lang.invoke" to unnamed module @5c6648b0
2024-02-19 23:38:42.420  INFO 31052 --- [http-nio-8888-exec-5] com.zaxxer.hikari.HikariDataSource       : HikariPool-1 - Starting...
2024-02-19 23:38:42.534  INFO 31052 --- [http-nio-8888-exec-5] com.zaxxer.hikari.HikariDataSource       : HikariPool-1 - Start completed.
